{"total": {"lines":{"total":197,"covered":124,"skipped":0,"pct":62.94},"statements":{"total":214,"covered":134,"skipped":0,"pct":62.61},"functions":{"total":73,"covered":42,"skipped":0,"pct":57.53},"branches":{"total":124,"covered":58,"skipped":0,"pct":46.77},"branchesTrue":{"total":0,"covered":0,"skipped":0,"pct":100}}
,"/home/runner/work/github-action-auto-pr-test-and-merge/github-action-auto-pr-test-and-merge/src/queryClient.ts": {"lines":{"total":1,"covered":0,"skipped":0,"pct":0},"functions":{"total":0,"covered":0,"skipped":0,"pct":100},"statements":{"total":1,"covered":0,"skipped":0,"pct":0},"branches":{"total":0,"covered":0,"skipped":0,"pct":100}}
,"/home/runner/work/github-action-auto-pr-test-and-merge/github-action-auto-pr-test-and-merge/src/router.tsx": {"lines":{"total":1,"covered":0,"skipped":0,"pct":0},"functions":{"total":0,"covered":0,"skipped":0,"pct":100},"statements":{"total":1,"covered":0,"skipped":0,"pct":0},"branches":{"total":0,"covered":0,"skipped":0,"pct":100}}
,"/home/runner/work/github-action-auto-pr-test-and-merge/github-action-auto-pr-test-and-merge/src/vite-env.d.ts": {"lines":{"total":0,"covered":0,"skipped":0,"pct":0},"functions":{"total":0,"covered":0,"skipped":0,"pct":0},"statements":{"total":0,"covered":0,"skipped":0,"pct":0},"branches":{"total":0,"covered":0,"skipped":0,"pct":0}}
,"/home/runner/work/github-action-auto-pr-test-and-merge/github-action-auto-pr-test-and-merge/src/api/auth.ts": {"lines":{"total":3,"covered":3,"skipped":0,"pct":100},"functions":{"total":1,"covered":1,"skipped":0,"pct":100},"statements":{"total":3,"covered":3,"skipped":0,"pct":100},"branches":{"total":0,"covered":0,"skipped":0,"pct":100}}
,"/home/runner/work/github-action-auto-pr-test-and-merge/github-action-auto-pr-test-and-merge/src/api/index.ts": {"lines":{"total":35,"covered":30,"skipped":0,"pct":85.71},"functions":{"total":8,"covered":7,"skipped":0,"pct":87.5},"statements":{"total":37,"covered":31,"skipped":0,"pct":83.78},"branches":{"total":29,"covered":21,"skipped":0,"pct":72.41}}
,"/home/runner/work/github-action-auto-pr-test-and-merge/github-action-auto-pr-test-and-merge/src/api/user.ts": {"lines":{"total":7,"covered":7,"skipped":0,"pct":100},"functions":{"total":4,"covered":4,"skipped":0,"pct":100},"statements":{"total":8,"covered":8,"skipped":0,"pct":100},"branches":{"total":0,"covered":0,"skipped":0,"pct":100}}
,"/home/runner/work/github-action-auto-pr-test-and-merge/github-action-auto-pr-test-and-merge/src/components/layout/Footer.tsx": {"lines":{"total":1,"covered":0,"skipped":0,"pct":0},"functions":{"total":1,"covered":0,"skipped":0,"pct":0},"statements":{"total":1,"covered":0,"skipped":0,"pct":0},"branches":{"total":0,"covered":0,"skipped":0,"pct":100}}
,"/home/runner/work/github-action-auto-pr-test-and-merge/github-action-auto-pr-test-and-merge/src/components/layout/Header.tsx": {"lines":{"total":7,"covered":7,"skipped":0,"pct":100},"functions":{"total":3,"covered":3,"skipped":0,"pct":100},"statements":{"total":7,"covered":7,"skipped":0,"pct":100},"branches":{"total":2,"covered":2,"skipped":0,"pct":100}}
,"/home/runner/work/github-action-auto-pr-test-and-merge/github-action-auto-pr-test-and-merge/src/components/layout/Layout.tsx": {"lines":{"total":1,"covered":0,"skipped":0,"pct":0},"functions":{"total":1,"covered":0,"skipped":0,"pct":0},"statements":{"total":1,"covered":0,"skipped":0,"pct":0},"branches":{"total":0,"covered":0,"skipped":0,"pct":100}}
,"/home/runner/work/github-action-auto-pr-test-and-merge/github-action-auto-pr-test-and-merge/src/pages/LoginPage.tsx": {"lines":{"total":41,"covered":38,"skipped":0,"pct":92.68},"functions":{"total":13,"covered":13,"skipped":0,"pct":100},"statements":{"total":45,"covered":42,"skipped":0,"pct":93.33},"branches":{"total":26,"covered":22,"skipped":0,"pct":84.61}}
,"/home/runner/work/github-action-auto-pr-test-and-merge/github-action-auto-pr-test-and-merge/src/pages/MainPage.tsx": {"lines":{"total":8,"covered":0,"skipped":0,"pct":0},"functions":{"total":4,"covered":0,"skipped":0,"pct":0},"statements":{"total":9,"covered":0,"skipped":0,"pct":0},"branches":{"total":0,"covered":0,"skipped":0,"pct":100}}
,"/home/runner/work/github-action-auto-pr-test-and-merge/github-action-auto-pr-test-and-merge/src/pages/ZustandExample.tsx": {"lines":{"total":2,"covered":0,"skipped":0,"pct":0},"functions":{"total":1,"covered":0,"skipped":0,"pct":0},"statements":{"total":2,"covered":0,"skipped":0,"pct":0},"branches":{"total":0,"covered":0,"skipped":0,"pct":100}}
,"/home/runner/work/github-action-auto-pr-test-and-merge/github-action-auto-pr-test-and-merge/src/routes/__root.tsx": {"lines":{"total":3,"covered":0,"skipped":0,"pct":0},"functions":{"total":2,"covered":0,"skipped":0,"pct":0},"statements":{"total":3,"covered":0,"skipped":0,"pct":0},"branches":{"total":7,"covered":0,"skipped":0,"pct":0}}
,"/home/runner/work/github-action-auto-pr-test-and-merge/github-action-auto-pr-test-and-merge/src/routes/index.tsx": {"lines":{"total":4,"covered":0,"skipped":0,"pct":0},"functions":{"total":2,"covered":0,"skipped":0,"pct":0},"statements":{"total":4,"covered":0,"skipped":0,"pct":0},"branches":{"total":7,"covered":0,"skipped":0,"pct":0}}
,"/home/runner/work/github-action-auto-pr-test-and-merge/github-action-auto-pr-test-and-merge/src/routes/login.tsx": {"lines":{"total":4,"covered":0,"skipped":0,"pct":0},"functions":{"total":2,"covered":0,"skipped":0,"pct":0},"statements":{"total":4,"covered":0,"skipped":0,"pct":0},"branches":{"total":9,"covered":0,"skipped":0,"pct":0}}
,"/home/runner/work/github-action-auto-pr-test-and-merge/github-action-auto-pr-test-and-merge/src/routes/main.tsx": {"lines":{"total":2,"covered":0,"skipped":0,"pct":0},"functions":{"total":1,"covered":0,"skipped":0,"pct":0},"statements":{"total":2,"covered":0,"skipped":0,"pct":0},"branches":{"total":7,"covered":0,"skipped":0,"pct":0}}
,"/home/runner/work/github-action-auto-pr-test-and-merge/github-action-auto-pr-test-and-merge/src/routes/zustand/index.tsx": {"lines":{"total":3,"covered":0,"skipped":0,"pct":0},"functions":{"total":2,"covered":0,"skipped":0,"pct":0},"statements":{"total":3,"covered":0,"skipped":0,"pct":0},"branches":{"total":7,"covered":0,"skipped":0,"pct":0}}
,"/home/runner/work/github-action-auto-pr-test-and-merge/github-action-auto-pr-test-and-merge/src/stores/authStore.ts": {"lines":{"total":17,"covered":4,"skipped":0,"pct":23.52},"functions":{"total":6,"covered":3,"skipped":0,"pct":50},"statements":{"total":20,"covered":5,"skipped":0,"pct":25},"branches":{"total":8,"covered":0,"skipped":0,"pct":0}}
,"/home/runner/work/github-action-auto-pr-test-and-merge/github-action-auto-pr-test-and-merge/src/stores/counterStore.ts": {"lines":{"total":4,"covered":0,"skipped":0,"pct":0},"functions":{"total":6,"covered":0,"skipped":0,"pct":0},"statements":{"total":7,"covered":0,"skipped":0,"pct":0},"branches":{"total":0,"covered":0,"skipped":0,"pct":100}}
,"/home/runner/work/github-action-auto-pr-test-and-merge/github-action-auto-pr-test-and-merge/src/test/test-utils.tsx": {"lines":{"total":5,"covered":5,"skipped":0,"pct":100},"functions":{"total":3,"covered":3,"skipped":0,"pct":100},"statements":{"total":6,"covered":6,"skipped":0,"pct":100},"branches":{"total":0,"covered":0,"skipped":0,"pct":100}}
,"/home/runner/work/github-action-auto-pr-test-and-merge/github-action-auto-pr-test-and-merge/src/test/vitest.d.ts": {"lines":{"total":0,"covered":0,"skipped":0,"pct":0},"functions":{"total":0,"covered":0,"skipped":0,"pct":0},"statements":{"total":0,"covered":0,"skipped":0,"pct":0},"branches":{"total":0,"covered":0,"skipped":0,"pct":0}}
,"/home/runner/work/github-action-auto-pr-test-and-merge/github-action-auto-pr-test-and-merge/src/test/mocks/handlers.ts": {"lines":{"total":19,"covered":2,"skipped":0,"pct":10.52},"functions":{"total":5,"covered":0,"skipped":0,"pct":0},"statements":{"total":19,"covered":2,"skipped":0,"pct":10.52},"branches":{"total":8,"covered":0,"skipped":0,"pct":0}}
,"/home/runner/work/github-action-auto-pr-test-and-merge/github-action-auto-pr-test-and-merge/src/test/mocks/server.ts": {"lines":{"total":1,"covered":1,"skipped":0,"pct":100},"functions":{"total":0,"covered":0,"skipped":0,"pct":100},"statements":{"total":1,"covered":1,"skipped":0,"pct":100},"branches":{"total":0,"covered":0,"skipped":0,"pct":100}}
,"/home/runner/work/github-action-auto-pr-test-and-merge/github-action-auto-pr-test-and-merge/src/utils/date.ts": {"lines":{"total":5,"covered":5,"skipped":0,"pct":100},"functions":{"total":2,"covered":2,"skipped":0,"pct":100},"statements":{"total":5,"covered":5,"skipped":0,"pct":100},"branches":{"total":0,"covered":0,"skipped":0,"pct":100}}
,"/home/runner/work/github-action-auto-pr-test-and-merge/github-action-auto-pr-test-and-merge/src/utils/requireAuth.ts": {"lines":{"total":23,"covered":22,"skipped":0,"pct":95.65},"functions":{"total":6,"covered":6,"skipped":0,"pct":100},"statements":{"total":25,"covered":24,"skipped":0,"pct":96},"branches":{"total":14,"covered":13,"skipped":0,"pct":92.85}}
}
