{"total": {"lines":{"total":238,"covered":159,"skipped":0,"pct":66.8},"statements":{"total":257,"covered":170,"skipped":0,"pct":66.14},"functions":{"total":83,"covered":51,"skipped":0,"pct":61.44},"branches":{"total":154,"covered":86,"skipped":0,"pct":55.84},"branchesTrue":{"total":0,"covered":0,"skipped":0,"pct":100}}
,"/home/runner/work/github-action-auto-pr-test-and-merge/github-action-auto-pr-test-and-merge/src/queryClient.ts": {"lines":{"total":1,"covered":0,"skipped":0,"pct":0},"functions":{"total":0,"covered":0,"skipped":0,"pct":100},"statements":{"total":1,"covered":0,"skipped":0,"pct":0},"branches":{"total":0,"covered":0,"skipped":0,"pct":100}}
,"/home/runner/work/github-action-auto-pr-test-and-merge/github-action-auto-pr-test-and-merge/src/router.tsx": {"lines":{"total":1,"covered":0,"skipped":0,"pct":0},"functions":{"total":0,"covered":0,"skipped":0,"pct":100},"statements":{"total":1,"covered":0,"skipped":0,"pct":0},"branches":{"total":0,"covered":0,"skipped":0,"pct":100}}
,"/home/runner/work/github-action-auto-pr-test-and-merge/github-action-auto-pr-test-and-merge/src/vite-env.d.ts": {"lines":{"total":0,"covered":0,"skipped":0,"pct":0},"functions":{"total":0,"covered":0,"skipped":0,"pct":0},"statements":{"total":0,"covered":0,"skipped":0,"pct":0},"branches":{"total":0,"covered":0,"skipped":0,"pct":0}}
,"/home/runner/work/github-action-auto-pr-test-and-merge/github-action-auto-pr-test-and-merge/src/api/auth.ts": {"lines":{"total":3,"covered":3,"skipped":0,"pct":100},"functions":{"total":1,"covered":1,"skipped":0,"pct":100},"statements":{"total":3,"covered":3,"skipped":0,"pct":100},"branches":{"total":0,"covered":0,"skipped":0,"pct":100}}
,"/home/runner/work/github-action-auto-pr-test-and-merge/github-action-auto-pr-test-and-merge/src/api/index.ts": {"lines":{"total":35,"covered":30,"skipped":0,"pct":85.71},"functions":{"total":8,"covered":7,"skipped":0,"pct":87.5},"statements":{"total":37,"covered":31,"skipped":0,"pct":83.78},"branches":{"total":30,"covered":22,"skipped":0,"pct":73.33}}
,"/home/runner/work/github-action-auto-pr-test-and-merge/github-action-auto-pr-test-and-merge/src/api/user.ts": {"lines":{"total":10,"covered":10,"skipped":0,"pct":100},"functions":{"total":5,"covered":5,"skipped":0,"pct":100},"statements":{"total":11,"covered":11,"skipped":0,"pct":100},"branches":{"total":4,"covered":4,"skipped":0,"pct":100}}
,"/home/runner/work/github-action-auto-pr-test-and-merge/github-action-auto-pr-test-and-merge/src/components/layout/Footer.tsx": {"lines":{"total":1,"covered":0,"skipped":0,"pct":0},"functions":{"total":1,"covered":0,"skipped":0,"pct":0},"statements":{"total":1,"covered":0,"skipped":0,"pct":0},"branches":{"total":0,"covered":0,"skipped":0,"pct":100}}
,"/home/runner/work/github-action-auto-pr-test-and-merge/github-action-auto-pr-test-and-merge/src/components/layout/Header.tsx": {"lines":{"total":7,"covered":7,"skipped":0,"pct":100},"functions":{"total":3,"covered":3,"skipped":0,"pct":100},"statements":{"total":7,"covered":7,"skipped":0,"pct":100},"branches":{"total":2,"covered":2,"skipped":0,"pct":100}}
,"/home/runner/work/github-action-auto-pr-test-and-merge/github-action-auto-pr-test-and-merge/src/components/layout/Layout.tsx": {"lines":{"total":1,"covered":0,"skipped":0,"pct":0},"functions":{"total":1,"covered":0,"skipped":0,"pct":0},"statements":{"total":1,"covered":0,"skipped":0,"pct":0},"branches":{"total":0,"covered":0,"skipped":0,"pct":100}}
,"/home/runner/work/github-action-auto-pr-test-and-merge/github-action-auto-pr-test-and-merge/src/pages/LoginPage.tsx": {"lines":{"total":73,"covered":70,"skipped":0,"pct":95.89},"functions":{"total":21,"covered":21,"skipped":0,"pct":100},"statements":{"total":79,"covered":75,"skipped":0,"pct":94.93},"branches":{"total":51,"covered":45,"skipped":0,"pct":88.23}}
,"/home/runner/work/github-action-auto-pr-test-and-merge/github-action-auto-pr-test-and-merge/src/pages/MainPage.tsx": {"lines":{"total":8,"covered":0,"skipped":0,"pct":0},"functions":{"total":4,"covered":0,"skipped":0,"pct":0},"statements":{"total":9,"covered":0,"skipped":0,"pct":0},"branches":{"total":0,"covered":0,"skipped":0,"pct":100}}
,"/home/runner/work/github-action-auto-pr-test-and-merge/github-action-auto-pr-test-and-merge/src/pages/ZustandExample.tsx": {"lines":{"total":2,"covered":0,"skipped":0,"pct":0},"functions":{"total":1,"covered":0,"skipped":0,"pct":0},"statements":{"total":2,"covered":0,"skipped":0,"pct":0},"branches":{"total":0,"covered":0,"skipped":0,"pct":100}}
,"/home/runner/work/github-action-auto-pr-test-and-merge/github-action-auto-pr-test-and-merge/src/routes/__root.tsx": {"lines":{"total":3,"covered":0,"skipped":0,"pct":0},"functions":{"total":2,"covered":0,"skipped":0,"pct":0},"statements":{"total":3,"covered":0,"skipped":0,"pct":0},"branches":{"total":7,"covered":0,"skipped":0,"pct":0}}
,"/home/runner/work/github-action-auto-pr-test-and-merge/github-action-auto-pr-test-and-merge/src/routes/index.tsx": {"lines":{"total":4,"covered":0,"skipped":0,"pct":0},"functions":{"total":2,"covered":0,"skipped":0,"pct":0},"statements":{"total":4,"covered":0,"skipped":0,"pct":0},"branches":{"total":7,"covered":0,"skipped":0,"pct":0}}
,"/home/runner/work/github-action-auto-pr-test-and-merge/github-action-auto-pr-test-and-merge/src/routes/login.tsx": {"lines":{"total":4,"covered":0,"skipped":0,"pct":0},"functions":{"total":2,"covered":0,"skipped":0,"pct":0},"statements":{"total":4,"covered":0,"skipped":0,"pct":0},"branches":{"total":9,"covered":0,"skipped":0,"pct":0}}
,"/home/runner/work/github-action-auto-pr-test-and-merge/github-action-auto-pr-test-and-merge/src/routes/main.tsx": {"lines":{"total":2,"covered":0,"skipped":0,"pct":0},"functions":{"total":1,"covered":0,"skipped":0,"pct":0},"statements":{"total":2,"covered":0,"skipped":0,"pct":0},"branches":{"total":7,"covered":0,"skipped":0,"pct":0}}
,"/home/runner/work/github-action-auto-pr-test-and-merge/github-action-auto-pr-test-and-merge/src/routes/zustand/index.tsx": {"lines":{"total":3,"covered":0,"skipped":0,"pct":0},"functions":{"total":2,"covered":0,"skipped":0,"pct":0},"statements":{"total":3,"covered":0,"skipped":0,"pct":0},"branches":{"total":7,"covered":0,"skipped":0,"pct":0}}
,"/home/runner/work/github-action-auto-pr-test-and-merge/github-action-auto-pr-test-and-merge/src/stores/authStore.ts": {"lines":{"total":17,"covered":4,"skipped":0,"pct":23.52},"functions":{"total":6,"covered":3,"skipped":0,"pct":50},"statements":{"total":20,"covered":5,"skipped":0,"pct":25},"branches":{"total":8,"covered":0,"skipped":0,"pct":0}}
,"/home/runner/work/github-action-auto-pr-test-and-merge/github-action-auto-pr-test-and-merge/src/stores/counterStore.ts": {"lines":{"total":4,"covered":0,"skipped":0,"pct":0},"functions":{"total":6,"covered":0,"skipped":0,"pct":0},"statements":{"total":7,"covered":0,"skipped":0,"pct":0},"branches":{"total":0,"covered":0,"skipped":0,"pct":100}}
,"/home/runner/work/github-action-auto-pr-test-and-merge/github-action-auto-pr-test-and-merge/src/test/test-utils.tsx": {"lines":{"total":5,"covered":5,"skipped":0,"pct":100},"functions":{"total":3,"covered":3,"skipped":0,"pct":100},"statements":{"total":6,"covered":6,"skipped":0,"pct":100},"branches":{"total":0,"covered":0,"skipped":0,"pct":100}}
,"/home/runner/work/github-action-auto-pr-test-and-merge/github-action-auto-pr-test-and-merge/src/test/vitest.d.ts": {"lines":{"total":0,"covered":0,"skipped":0,"pct":0},"functions":{"total":0,"covered":0,"skipped":0,"pct":0},"statements":{"total":0,"covered":0,"skipped":0,"pct":0},"branches":{"total":0,"covered":0,"skipped":0,"pct":0}}
,"/home/runner/work/github-action-auto-pr-test-and-merge/github-action-auto-pr-test-and-merge/src/test/mocks/handlers.ts": {"lines":{"total":19,"covered":2,"skipped":0,"pct":10.52},"functions":{"total":5,"covered":0,"skipped":0,"pct":0},"statements":{"total":19,"covered":2,"skipped":0,"pct":10.52},"branches":{"total":8,"covered":0,"skipped":0,"pct":0}}
,"/home/runner/work/github-action-auto-pr-test-and-merge/github-action-auto-pr-test-and-merge/src/test/mocks/server.ts": {"lines":{"total":1,"covered":1,"skipped":0,"pct":100},"functions":{"total":0,"covered":0,"skipped":0,"pct":100},"statements":{"total":1,"covered":1,"skipped":0,"pct":100},"branches":{"total":0,"covered":0,"skipped":0,"pct":100}}
,"/home/runner/work/github-action-auto-pr-test-and-merge/github-action-auto-pr-test-and-merge/src/utils/date.ts": {"lines":{"total":5,"covered":5,"skipped":0,"pct":100},"functions":{"total":2,"covered":2,"skipped":0,"pct":100},"statements":{"total":5,"covered":5,"skipped":0,"pct":100},"branches":{"total":0,"covered":0,"skipped":0,"pct":100}}
,"/home/runner/work/github-action-auto-pr-test-and-merge/github-action-auto-pr-test-and-merge/src/utils/fingerprint.ts": {"lines":{"total":6,"covered":0,"skipped":0,"pct":0},"functions":{"total":1,"covered":0,"skipped":0,"pct":0},"statements":{"total":6,"covered":0,"skipped":0,"pct":0},"branches":{"total":0,"covered":0,"skipped":0,"pct":100}}
,"/home/runner/work/github-action-auto-pr-test-and-merge/github-action-auto-pr-test-and-merge/src/utils/requireAuth.ts": {"lines":{"total":23,"covered":22,"skipped":0,"pct":95.65},"functions":{"total":6,"covered":6,"skipped":0,"pct":100},"statements":{"total":25,"covered":24,"skipped":0,"pct":96},"branches":{"total":14,"covered":13,"skipped":0,"pct":92.85}}
}
